# JRE version: Java(TM) SE Runtime Environment (9.0+11) (build 9.0.4+11)
# Java VM: Java HotSpot(TM) 64-Bit Server VM (9.0.4+11, mixed mode, tiered, compressed oops, g1 gc, windows-amd64)
Heap:
 garbage-first heap   total 345088K, used 170779K [0x0000000700000000, 0x0000000700100a88, 0x00000007c0000000)
  region size 1024K, 50 young (51200K), 1 survivors (1024K)
 Metaspace       used 94602K, capacity 99746K, committed 102528K, reserved 1136640K
  class space    used 13271K, capacity 14171K, committed 14720K, reserved 1048576K
GC Heap History (10 events):
Event: 3095.337 GC heap before
{Heap before GC invocations=403 (full 60):
 garbage-first heap   total 345088K, used 113591K [0x0000000700000000, 0x0000000700100a88, 0x00000007c0000000)
  region size 1024K, 2 young (2048K), 0 survivors (0K)
 Metaspace       used 94586K, capacity 99682K, committed 102272K, reserved 1136640K
  class space    used 13271K, capacity 14171K, committed 14720K, reserved 1048576K
}
Event: 3095.639 GC heap after
{Heap after GC invocations=404 (full 61):
 garbage-first heap   total 345088K, used 111844K [0x0000000700000000, 0x0000000700100a88, 0x00000007c0000000)
  region size 1024K, 0 young (0K), 0 survivors (0K)
 Metaspace       used 94586K, capacity 99682K, committed 102272K, reserved 1136640K
  class space    used 13271K, capacity 14171K, committed 14720K, reserved 1048576K
}
Event: 3096.595 GC heap before
{Heap before GC invocations=404 (full 61):
 garbage-first heap   total 345088K, used 112868K [0x0000000700000000, 0x0000000700100a88, 0x00000007c0000000)
  region size 1024K, 2 young (2048K), 0 survivors (0K)
 Metaspace       used 94586K, capacity 99682K, committed 102272K, reserved 1136640K
  class space    used 13271K, capacity 14171K, committed 14720K, reserved 1048576K
}
Event: 3096.818 GC heap after
{Heap after GC invocations=405 (full 62):
 garbage-first heap   total 345088K, used 111845K [0x0000000700000000, 0x0000000700100a88, 0x00000007c0000000)
  region size 1024K, 0 young (0K), 0 survivors (0K)
 Metaspace       used 94586K, capacity 99682K, committed 102272K, reserved 1136640K
  class space    used 13271K, capacity 14171K, committed 14720K, reserved 1048576K
}
Event: 3096.937 GC heap before
{Heap before GC invocations=405 (full 62):
 garbage-first heap   total 345088K, used 112869K [0x0000000700000000, 0x0000000700100a88, 0x00000007c0000000)
  region size 1024K, 2 young (2048K), 0 survivors (0K)
 Metaspace       used 94586K, capacity 99682K, committed 102272K, reserved 1136640K
  class space    used 13271K, capacity 14171K, committed 14720K, reserved 1048576K
}
Event: 3097.164 GC heap after
{Heap after GC invocations=406 (full 63):
 garbage-first heap   total 345088K, used 111845K [0x0000000700000000, 0x0000000700100a88, 0x00000007c0000000)
  region size 1024K, 0 young (0K), 0 survivors (0K)
 Metaspace       used 94586K, capacity 99682K, committed 102272K, reserved 1136640K
  class space    used 13271K, capacity 14171K, committed 14720K, reserved 1048576K
}
Event: 3101.219 GC heap before
{Heap before GC invocations=406 (full 63):
 garbage-first heap   total 345088K, used 114917K [0x0000000700000000, 0x0000000700100a88, 0x00000007c0000000)
  region size 1024K, 4 young (4096K), 0 survivors (0K)
 Metaspace       used 94586K, capacity 99682K, committed 102272K, reserved 1136640K
  class space    used 13271K, capacity 14171K, committed 14720K, reserved 1048576K
}
Event: 3101.434 GC heap after
{Heap after GC invocations=407 (full 64):
 garbage-first heap   total 345088K, used 111853K [0x0000000700000000, 0x0000000700100a88, 0x00000007c0000000)
  region size 1024K, 0 young (0K), 0 survivors (0K)
 Metaspace       used 94586K, capacity 99682K, committed 102272K, reserved 1136640K
  class space    used 13271K, capacity 14171K, committed 14720K, reserved 1048576K
}
Event: 3147.457 GC heap before
{Heap before GC invocations=407 (full 64):
 garbage-first heap   total 345088K, used 167149K [0x0000000700000000, 0x0000000700100a88, 0x00000007c0000000)
  region size 1024K, 46 young (47104K), 0 survivors (0K)
 Metaspace       used 94586K, capacity 99682K, committed 102272K, reserved 1136640K
  class space    used 13271K, capacity 14171K, committed 14720K, reserved 1048576K
}
Event: 3147.465 GC heap after
{Heap after GC invocations=408 (full 64):
 garbage-first heap   total 345088K, used 121627K [0x0000000700000000, 0x0000000700100a88, 0x00000007c0000000)
  region size 1024K, 1 young (1024K), 1 survivors (1024K)
 Metaspace       used 94586K, capacity 99682K, committed 102272K, reserved 1136640K
  class space    used 13271K, capacity 14171K, committed 14720K, reserved 1048576K
}

